<?xml version="1.0" encoding="UTF-8"?>
<!-- Generated by org.testng.reporters.JUnitXMLReporter -->
<testsuite ignored="0" hostname="LAPTOP-11JHLVTU" failures="0" tests="4" name="ChromeBrowserTesting" time="7.553" errors="0" timestamp="2024-03-22T16:36:31 IST">
  <testcase classname="testng.TestNG_91_CrossBrowserTesting" name="facebook" time="1.117"/>
  <testcase classname="testng.TestNG_91_CrossBrowserTesting" name="google" time="1.678"/>
  <testcase classname="testng.TestNG_91_CrossBrowserTesting" name="selenium" time="1.031"/>
  <testcase classname="testng.TestNG_91_CrossBrowserTesting" name="seleniumlearn" time="2.65"/>
</testsuite> <!-- ChromeBrowserTesting -->
