<?xml version="1.0" encoding="UTF-8"?>
<!-- Generated by org.testng.reporters.JUnitXMLReporter -->
<testsuite ignored="0" hostname="LAPTOP-11JHLVTU" failures="0" tests="4" name="EdgeBrowserTesting" time="17.671" errors="0" timestamp="2024-03-22T16:36:49 IST">
  <testcase classname="testng.TestNG_91_CrossBrowserTesting" name="facebook" time="1.666"/>
  <testcase classname="testng.TestNG_91_CrossBrowserTesting" name="google" time="1.672"/>
  <testcase classname="testng.TestNG_91_CrossBrowserTesting" name="selenium" time="1.063"/>
  <testcase classname="testng.TestNG_91_CrossBrowserTesting" name="seleniumlearn" time="9.264"/>
</testsuite> <!-- EdgeBrowserTesting -->
