<?xml version="1.0" encoding="UTF-8"?>
<!-- Generated by org.testng.reporters.JUnitXMLReporter -->
<testsuite ignored="0" hostname="LAPTOP-11JHLVTU" failures="0" tests="4" name="FirefoxBrowserTesting" time="19.531" errors="0" timestamp="2024-03-22T16:36:24 IST">
  <testcase classname="testng.TestNG_91_CrossBrowserTesting" name="facebook" time="1.457"/>
  <testcase classname="testng.TestNG_91_CrossBrowserTesting" name="google" time="4.416"/>
  <testcase classname="testng.TestNG_91_CrossBrowserTesting" name="selenium" time="1.092"/>
  <testcase classname="testng.TestNG_91_CrossBrowserTesting" name="seleniumlearn" time="8.112"/>
</testsuite> <!-- FirefoxBrowserTesting -->
