<?xml version="1.0" encoding="UTF-8"?>
<!-- Generated by org.testng.reporters.JUnitXMLReporter -->
<testsuite ignored="5" hostname="LAPTOP-11JHLVTU" failures="0" tests="3" name="Test" time="14.178" errors="0" timestamp="2024-03-15T15:50:57 IST">
  <testcase classname="testng.TestNG_8_To_Run_Groups_TCs" name="facebook" time="2.242"/>
  <testcase classname="testng.TestNG_8_To_Run_Groups_TCs" name="gmail" time="5.034"/>
  <testcase classname="testng.TestNG_8_To_Run_Groups_TCs" name="twitter" time="5.411"/>
  <testcase classname="testng.TestNG_8_To_Run_Groups_TCs" name="zomato" time="0.0">
    <ignored/>
  </testcase> <!-- zomato -->
  <testcase classname="testng.TestNG_8_To_Run_Groups_TCs" name="swiggy" time="0.0">
    <ignored/>
  </testcase> <!-- swiggy -->
  <testcase classname="testng.TestNG_8_To_Run_Groups_TCs" name="redmine" time="0.0">
    <ignored/>
  </testcase> <!-- redmine -->
  <testcase classname="testng.TestNG_8_To_Run_Groups_TCs" name="selenium" time="0.0">
    <ignored/>
  </testcase> <!-- selenium -->
  <testcase classname="testng.TestNG_8_To_Run_Groups_TCs" name="google" time="0.0">
    <ignored/>
  </testcase> <!-- google -->
</testsuite> <!-- Test -->
