<?xml version="1.0" encoding="UTF-8"?>
<testng-results ignored="0" total="1" passed="1" failed="0" skipped="0">
  <reporter-output>
  </reporter-output>
  <suite started-at="2024-04-01T15:29:58 IST" name="Default suite" finished-at="2024-04-01T15:30:02 IST" duration-ms="3987">
    <groups>
    </groups>
    <test started-at="2024-04-01T15:29:58 IST" name="Default test" finished-at="2024-04-01T15:30:02 IST" duration-ms="3987">
      <class name="frames.TestDemo">
        <test-method is-config="true" signature="beforeTest()[pri:0, instance:frames.TestDemo@49049a04]" started-at="2024-04-01T15:29:58 IST" name="beforeTest" finished-at="2024-04-01T15:30:00 IST" duration-ms="2352" status="PASS">
          <reporter-output>
          </reporter-output>
        </test-method> <!-- beforeTest -->
        <test-method signature="f()[pri:0, instance:frames.TestDemo@49049a04]" started-at="2024-04-01T15:30:00 IST" name="f" finished-at="2024-04-01T15:30:02 IST" duration-ms="1606" status="PASS">
          <reporter-output>
          </reporter-output>
        </test-method> <!-- f -->
      </class> <!-- frames.TestDemo -->
    </test> <!-- Default test -->
  </suite> <!-- Default suite -->
</testng-results>
